{"total": {"lines":{"total":2460,"covered":581,"skipped":0,"pct":23.61},"statements":{"total":2460,"covered":581,"skipped":0,"pct":23.61},"functions":{"total":93,"covered":41,"skipped":0,"pct":44.08},"branches":{"total":206,"covered":151,"skipped":0,"pct":73.3},"branchesTrue":{"total":0,"covered":0,"skipped":0,"pct":100}}
,"/home/arnon/dev/swade-npc-importer/src/actorBuilder.ts": {"lines":{"total":64,"covered":0,"skipped":0,"pct":0},"functions":{"total":1,"covered":0,"skipped":0,"pct":0},"statements":{"total":64,"covered":0,"skipped":0,"pct":0},"branches":{"total":1,"covered":0,"skipped":0,"pct":0}}
,"/home/arnon/dev/swade-npc-importer/src/actorImporter.ts": {"lines":{"total":71,"covered":0,"skipped":0,"pct":0},"functions":{"total":1,"covered":0,"skipped":0,"pct":0},"statements":{"total":71,"covered":0,"skipped":0,"pct":0},"branches":{"total":1,"covered":0,"skipped":0,"pct":0}}
,"/home/arnon/dev/swade-npc-importer/src/global.ts": {"lines":{"total":27,"covered":27,"skipped":0,"pct":100},"functions":{"total":0,"covered":0,"skipped":0,"pct":100},"statements":{"total":27,"covered":27,"skipped":0,"pct":100},"branches":{"total":0,"covered":0,"skipped":0,"pct":100}}
,"/home/arnon/dev/swade-npc-importer/src/swadeNpcImporter.ts": {"lines":{"total":151,"covered":0,"skipped":0,"pct":0},"functions":{"total":1,"covered":0,"skipped":0,"pct":0},"statements":{"total":151,"covered":0,"skipped":0,"pct":0},"branches":{"total":1,"covered":0,"skipped":0,"pct":0}}
,"/home/arnon/dev/swade-npc-importer/src/dataBuilders/buildActorData.ts": {"lines":{"total":300,"covered":0,"skipped":0,"pct":0},"functions":{"total":1,"covered":0,"skipped":0,"pct":0},"statements":{"total":300,"covered":0,"skipped":0,"pct":0},"branches":{"total":1,"covered":0,"skipped":0,"pct":0}}
,"/home/arnon/dev/swade-npc-importer/src/dataBuilders/buildActorGear.ts": {"lines":{"total":36,"covered":0,"skipped":0,"pct":0},"functions":{"total":1,"covered":0,"skipped":0,"pct":0},"statements":{"total":36,"covered":0,"skipped":0,"pct":0},"branches":{"total":1,"covered":0,"skipped":0,"pct":0}}
,"/home/arnon/dev/swade-npc-importer/src/dataBuilders/buildActorItems.ts": {"lines":{"total":46,"covered":0,"skipped":0,"pct":0},"functions":{"total":1,"covered":0,"skipped":0,"pct":0},"statements":{"total":46,"covered":0,"skipped":0,"pct":0},"branches":{"total":1,"covered":0,"skipped":0,"pct":0}}
,"/home/arnon/dev/swade-npc-importer/src/dataBuilders/buildActorItemsSpecialAbilities.ts": {"lines":{"total":112,"covered":0,"skipped":0,"pct":0},"functions":{"total":1,"covered":0,"skipped":0,"pct":0},"statements":{"total":112,"covered":0,"skipped":0,"pct":0},"branches":{"total":1,"covered":0,"skipped":0,"pct":0}}
,"/home/arnon/dev/swade-npc-importer/src/dataBuilders/buildActorToken.ts": {"lines":{"total":53,"covered":0,"skipped":0,"pct":0},"functions":{"total":1,"covered":0,"skipped":0,"pct":0},"statements":{"total":53,"covered":0,"skipped":0,"pct":0},"branches":{"total":1,"covered":0,"skipped":0,"pct":0}}
,"/home/arnon/dev/swade-npc-importer/src/dataBuilders/itemBuilder.ts": {"lines":{"total":426,"covered":15,"skipped":0,"pct":3.52},"functions":{"total":16,"covered":0,"skipped":0,"pct":0},"statements":{"total":426,"covered":15,"skipped":0,"pct":3.52},"branches":{"total":1,"covered":1,"skipped":0,"pct":100}}
,"/home/arnon/dev/swade-npc-importer/src/settings/npcImporterSettings.ts": {"lines":{"total":194,"covered":0,"skipped":0,"pct":0},"functions":{"total":1,"covered":1,"skipped":0,"pct":100},"statements":{"total":194,"covered":0,"skipped":0,"pct":0},"branches":{"total":1,"covered":1,"skipped":0,"pct":100}}
,"/home/arnon/dev/swade-npc-importer/src/settings/selectCompendiums.ts": {"lines":{"total":75,"covered":0,"skipped":0,"pct":0},"functions":{"total":1,"covered":0,"skipped":0,"pct":0},"statements":{"total":75,"covered":0,"skipped":0,"pct":0},"branches":{"total":1,"covered":0,"skipped":0,"pct":0}}
,"/home/arnon/dev/swade-npc-importer/src/settings/tokenSettings.ts": {"lines":{"total":73,"covered":0,"skipped":0,"pct":0},"functions":{"total":1,"covered":0,"skipped":0,"pct":0},"statements":{"total":73,"covered":0,"skipped":0,"pct":0},"branches":{"total":1,"covered":0,"skipped":0,"pct":0}}
,"/home/arnon/dev/swade-npc-importer/src/statBlockParser/getAbilities.ts": {"lines":{"total":51,"covered":51,"skipped":0,"pct":100},"functions":{"total":2,"covered":2,"skipped":0,"pct":100},"statements":{"total":51,"covered":51,"skipped":0,"pct":100},"branches":{"total":13,"covered":13,"skipped":0,"pct":100}}
,"/home/arnon/dev/swade-npc-importer/src/statBlockParser/getDerivedStats.ts": {"lines":{"total":52,"covered":52,"skipped":0,"pct":100},"functions":{"total":4,"covered":4,"skipped":0,"pct":100},"statements":{"total":52,"covered":52,"skipped":0,"pct":100},"branches":{"total":18,"covered":15,"skipped":0,"pct":83.33}}
,"/home/arnon/dev/swade-npc-importer/src/statBlockParser/getGear.ts": {"lines":{"total":108,"covered":92,"skipped":0,"pct":85.18},"functions":{"total":3,"covered":3,"skipped":0,"pct":100},"statements":{"total":108,"covered":92,"skipped":0,"pct":85.18},"branches":{"total":28,"covered":21,"skipped":0,"pct":75}}
,"/home/arnon/dev/swade-npc-importer/src/statBlockParser/getListsStats.ts": {"lines":{"total":27,"covered":25,"skipped":0,"pct":92.59},"functions":{"total":3,"covered":3,"skipped":0,"pct":100},"statements":{"total":27,"covered":25,"skipped":0,"pct":92.59},"branches":{"total":11,"covered":8,"skipped":0,"pct":72.72}}
,"/home/arnon/dev/swade-npc-importer/src/statBlockParser/getNameAndDesc.ts": {"lines":{"total":34,"covered":32,"skipped":0,"pct":94.11},"functions":{"total":4,"covered":4,"skipped":0,"pct":100},"statements":{"total":34,"covered":32,"skipped":0,"pct":94.11},"branches":{"total":13,"covered":9,"skipped":0,"pct":69.23}}
,"/home/arnon/dev/swade-npc-importer/src/statBlockParser/getSections.ts": {"lines":{"total":38,"covered":38,"skipped":0,"pct":100},"functions":{"total":2,"covered":2,"skipped":0,"pct":100},"statements":{"total":38,"covered":38,"skipped":0,"pct":100},"branches":{"total":9,"covered":9,"skipped":0,"pct":100}}
,"/home/arnon/dev/swade-npc-importer/src/statBlockParser/getSystemStats.ts": {"lines":{"total":31,"covered":29,"skipped":0,"pct":93.54},"functions":{"total":1,"covered":1,"skipped":0,"pct":100},"statements":{"total":31,"covered":29,"skipped":0,"pct":93.54},"branches":{"total":12,"covered":10,"skipped":0,"pct":83.33}}
,"/home/arnon/dev/swade-npc-importer/src/statBlockParser/getTraits.ts": {"lines":{"total":100,"covered":96,"skipped":0,"pct":96},"functions":{"total":3,"covered":3,"skipped":0,"pct":100},"statements":{"total":100,"covered":96,"skipped":0,"pct":96},"branches":{"total":39,"covered":25,"skipped":0,"pct":64.1}}
,"/home/arnon/dev/swade-npc-importer/src/statBlockParser/parseStatBlock.ts": {"lines":{"total":51,"covered":0,"skipped":0,"pct":0},"functions":{"total":1,"covered":1,"skipped":0,"pct":100},"statements":{"total":51,"covered":0,"skipped":0,"pct":0},"branches":{"total":1,"covered":1,"skipped":0,"pct":100}}
,"/home/arnon/dev/swade-npc-importer/src/types/actorToImport.ts": {"lines":{"total":0,"covered":0,"skipped":0,"pct":100},"functions":{"total":1,"covered":1,"skipped":0,"pct":100},"statements":{"total":0,"covered":0,"skipped":0,"pct":100},"branches":{"total":1,"covered":1,"skipped":0,"pct":100}}
,"/home/arnon/dev/swade-npc-importer/src/types/importedActor.ts": {"lines":{"total":0,"covered":0,"skipped":0,"pct":100},"functions":{"total":1,"covered":1,"skipped":0,"pct":100},"statements":{"total":0,"covered":0,"skipped":0,"pct":100},"branches":{"total":1,"covered":1,"skipped":0,"pct":100}}
,"/home/arnon/dev/swade-npc-importer/src/types/settingsData.ts": {"lines":{"total":0,"covered":0,"skipped":0,"pct":100},"functions":{"total":1,"covered":1,"skipped":0,"pct":100},"statements":{"total":0,"covered":0,"skipped":0,"pct":100},"branches":{"total":1,"covered":1,"skipped":0,"pct":100}}
,"/home/arnon/dev/swade-npc-importer/src/utils/foundryActions.ts": {"lines":{"total":209,"covered":24,"skipped":0,"pct":11.48},"functions":{"total":21,"covered":2,"skipped":0,"pct":9.52},"statements":{"total":209,"covered":24,"skipped":0,"pct":11.48},"branches":{"total":5,"covered":2,"skipped":0,"pct":40}}
,"/home/arnon/dev/swade-npc-importer/src/utils/foundryWrappers.ts": {"lines":{"total":27,"covered":4,"skipped":0,"pct":14.81},"functions":{"total":4,"covered":0,"skipped":0,"pct":0},"statements":{"total":27,"covered":4,"skipped":0,"pct":14.81},"branches":{"total":0,"covered":0,"skipped":0,"pct":100}}
,"/home/arnon/dev/swade-npc-importer/src/utils/logger.ts": {"lines":{"total":20,"covered":14,"skipped":0,"pct":70},"functions":{"total":4,"covered":1,"skipped":0,"pct":25},"statements":{"total":20,"covered":14,"skipped":0,"pct":70},"branches":{"total":2,"covered":2,"skipped":0,"pct":100}}
,"/home/arnon/dev/swade-npc-importer/src/utils/parserBuilderHelpers.ts": {"lines":{"total":31,"covered":31,"skipped":0,"pct":100},"functions":{"total":3,"covered":3,"skipped":0,"pct":100},"statements":{"total":31,"covered":31,"skipped":0,"pct":100},"branches":{"total":20,"covered":12,"skipped":0,"pct":60}}
,"/home/arnon/dev/swade-npc-importer/src/utils/textUtils.ts": {"lines":{"total":53,"covered":51,"skipped":0,"pct":96.22},"functions":{"total":8,"covered":8,"skipped":0,"pct":100},"statements":{"total":53,"covered":51,"skipped":0,"pct":96.22},"branches":{"total":20,"covered":19,"skipped":0,"pct":95}}
}
